# JRE version: OpenJDK Runtime Environment (17.0.6) (build 17.0.6+0-b2043.56-10027231)
# Java VM: OpenJDK 64-Bit Server VM (17.0.6+0-b2043.56-10027231, mixed mode, tiered, compressed oops, compressed class ptrs, g1 gc, windows-amd64)
GC Precious Log:
 CPUs: 8 total, 8 available
 Memory: 8068M
 Large Page Support: Disabled
 NUMA Support: Disabled
 Compressed Oops: Enabled (32-bit)
 Heap Region Size: 1M
 Heap Min Capacity: 8M
 Heap Initial Capacity: 128M
 Heap Max Capacity: 1536M
 Pre-touch: Disabled
 Parallel Workers: 8
 Concurrent Workers: 2
 Concurrent Refinement Workers: 8
 Periodic GC: Disabled
Heap:
 garbage-first heap   total 165888K, used 94337K [0x00000000a0000000, 0x0000000100000000)
  region size 1024K, 7 young (7168K), 6 survivors (6144K)
 Metaspace       used 99140K, committed 99904K, reserved 1138688K
  class space    used 13601K, committed 13952K, reserved 1048576K
GC Heap History (20 events):
Event: 9.689 GC heap before
{Heap before GC invocations=34 (full 0):
 garbage-first heap   total 124928K, used 80542K [0x00000000a0000000, 0x0000000100000000)
  region size 1024K, 23 young (23552K), 5 survivors (5120K)
 Metaspace       used 77064K, committed 77632K, reserved 1122304K
  class space    used 10389K, committed 10624K, reserved 1048576K
}
Event: 9.692 GC heap after
{Heap after GC invocations=35 (full 0):
 garbage-first heap   total 124928K, used 64707K [0x00000000a0000000, 0x0000000100000000)
  region size 1024K, 2 young (2048K), 2 survivors (2048K)
 Metaspace       used 77064K, committed 77632K, reserved 1122304K
  class space    used 10389K, committed 10624K, reserved 1048576K
}
Event: 10.113 GC heap before
{Heap before GC invocations=36 (full 0):
 garbage-first heap   total 124928K, used 99523K [0x00000000a0000000, 0x0000000100000000)
  region size 1024K, 35 young (35840K), 2 survivors (2048K)
 Metaspace       used 80148K, committed 80768K, reserved 1122304K
  class space    used 10786K, committed 11072K, reserved 1048576K
}
Event: 10.117 GC heap after
{Heap after GC invocations=37 (full 0):
 garbage-first heap   total 124928K, used 65915K [0x00000000a0000000, 0x0000000100000000)
  region size 1024K, 3 young (3072K), 3 survivors (3072K)
 Metaspace       used 80148K, committed 80768K, reserved 1122304K
  class space    used 10786K, committed 11072K, reserved 1048576K
}
Event: 10.333 GC heap before
{Heap before GC invocations=37 (full 0):
 garbage-first heap   total 124928K, used 100731K [0x00000000a0000000, 0x0000000100000000)
  region size 1024K, 37 young (37888K), 3 survivors (3072K)
 Metaspace       used 80660K, committed 81344K, reserved 1122304K
  class space    used 10890K, committed 11200K, reserved 1048576K
}
Event: 10.338 GC heap after
{Heap after GC invocations=38 (full 0):
 garbage-first heap   total 124928K, used 68959K [0x00000000a0000000, 0x0000000100000000)
  region size 1024K, 5 young (5120K), 5 survivors (5120K)
 Metaspace       used 80660K, committed 81344K, reserved 1122304K
  class space    used 10890K, committed 11200K, reserved 1048576K
}
Event: 10.545 GC heap before
{Heap before GC invocations=39 (full 0):
 garbage-first heap   total 133120K, used 101727K [0x00000000a0000000, 0x0000000100000000)
  region size 1024K, 37 young (37888K), 5 survivors (5120K)
 Metaspace       used 80765K, committed 81408K, reserved 1122304K
  class space    used 10903K, committed 11200K, reserved 1048576K
}
Event: 10.550 GC heap after
{Heap after GC invocations=40 (full 0):
 garbage-first heap   total 133120K, used 70600K [0x00000000a0000000, 0x0000000100000000)
  region size 1024K, 2 young (2048K), 2 survivors (2048K)
 Metaspace       used 80765K, committed 81408K, reserved 1122304K
  class space    used 10903K, committed 11200K, reserved 1048576K
}
Event: 10.906 GC heap before
{Heap before GC invocations=40 (full 0):
 garbage-first heap   total 133120K, used 108488K [0x00000000a0000000, 0x0000000100000000)
  region size 1024K, 39 young (39936K), 2 survivors (2048K)
 Metaspace       used 82840K, committed 83520K, reserved 1122304K
  class space    used 11185K, committed 11456K, reserved 1048576K
}
Event: 10.910 GC heap after
{Heap after GC invocations=41 (full 0):
 garbage-first heap   total 133120K, used 73533K [0x00000000a0000000, 0x0000000100000000)
  region size 1024K, 5 young (5120K), 5 survivors (5120K)
 Metaspace       used 82840K, committed 83520K, reserved 1122304K
  class space    used 11185K, committed 11456K, reserved 1048576K
}
Event: 11.602 GC heap before
{Heap before GC invocations=42 (full 0):
 garbage-first heap   total 135168K, used 108349K [0x00000000a0000000, 0x0000000100000000)
  region size 1024K, 39 young (39936K), 5 survivors (5120K)
 Metaspace       used 86541K, committed 87232K, reserved 1130496K
  class space    used 11882K, committed 12160K, reserved 1048576K
}
Event: 11.615 GC heap after
{Heap after GC invocations=43 (full 0):
 garbage-first heap   total 135168K, used 76007K [0x00000000a0000000, 0x0000000100000000)
  region size 1024K, 3 young (3072K), 3 survivors (3072K)
 Metaspace       used 86541K, committed 87232K, reserved 1130496K
  class space    used 11882K, committed 12160K, reserved 1048576K
}
Event: 12.394 GC heap before
{Heap before GC invocations=43 (full 0):
 garbage-first heap   total 135168K, used 110823K [0x00000000a0000000, 0x0000000100000000)
  region size 1024K, 37 young (37888K), 3 survivors (3072K)
 Metaspace       used 88248K, committed 88960K, reserved 1130496K
  class space    used 12123K, committed 12416K, reserved 1048576K
}
Event: 12.401 GC heap after
{Heap after GC invocations=44 (full 0):
 garbage-first heap   total 162816K, used 79392K [0x00000000a0000000, 0x0000000100000000)
  region size 1024K, 5 young (5120K), 5 survivors (5120K)
 Metaspace       used 88248K, committed 88960K, reserved 1130496K
  class space    used 12123K, committed 12416K, reserved 1048576K
}
Event: 13.144 GC heap before
{Heap before GC invocations=45 (full 0):
 garbage-first heap   total 162816K, used 132640K [0x00000000a0000000, 0x0000000100000000)
  region size 1024K, 57 young (58368K), 5 survivors (5120K)
 Metaspace       used 92812K, committed 93504K, reserved 1130496K
  class space    used 12849K, committed 13184K, reserved 1048576K
}
Event: 13.153 GC heap after
{Heap after GC invocations=46 (full 0):
 garbage-first heap   total 162816K, used 84035K [0x00000000a0000000, 0x0000000100000000)
  region size 1024K, 8 young (8192K), 8 survivors (8192K)
 Metaspace       used 92812K, committed 93504K, reserved 1130496K
  class space    used 12849K, committed 13184K, reserved 1048576K
}
Event: 13.831 GC heap before
{Heap before GC invocations=46 (full 0):
 garbage-first heap   total 162816K, used 131139K [0x00000000a0000000, 0x0000000100000000)
  region size 1024K, 54 young (55296K), 8 survivors (8192K)
 Metaspace       used 96415K, committed 97088K, reserved 1138688K
  class space    used 13278K, committed 13568K, reserved 1048576K
}
Event: 13.842 GC heap after
{Heap after GC invocations=47 (full 0):
 garbage-first heap   total 162816K, used 89156K [0x00000000a0000000, 0x0000000100000000)
  region size 1024K, 6 young (6144K), 6 survivors (6144K)
 Metaspace       used 96415K, committed 97088K, reserved 1138688K
  class space    used 13278K, committed 13568K, reserved 1048576K
}
Event: 14.598 GC heap before
{Heap before GC invocations=48 (full 0):
 garbage-first heap   total 165888K, used 132164K [0x00000000a0000000, 0x0000000100000000)
  region size 1024K, 49 young (50176K), 6 survivors (6144K)
 Metaspace       used 99005K, committed 99776K, reserved 1138688K
  class space    used 13584K, committed 13952K, reserved 1048576K
}
Event: 14.604 GC heap after
{Heap after GC invocations=49 (full 0):
 garbage-first heap   total 165888K, used 94337K [0x00000000a0000000, 0x0000000100000000)
  region size 1024K, 6 young (6144K), 6 survivors (6144K)
 Metaspace       used 99005K, committed 99776K, reserved 1138688K
  class space    used 13584K, committed 13952K, reserved 1048576K
}

